# JRE version: Java(TM) SE Runtime Environment (8.0_05-b13) (build 1.8.0_05-b13)
# Java VM: Java HotSpot(TM) 64-Bit Server VM (25.5-b02 mixed mode windows-amd64 compressed oops)
Heap:
 PSYoungGen      total 139264K, used 94105K [0x00000000d5f80000, 0x00000000df480000, 0x0000000100000000)
  eden space 130048K, 70% used [0x00000000d5f80000,0x00000000db9006e8,0x00000000dde80000)
  from space 9216K, 26% used [0x00000000deb80000,0x00000000dede6060,0x00000000df480000)
  to   space 11264K, 0% used [0x00000000dde80000,0x00000000dde80000,0x00000000de980000)
 ParOldGen       total 38912K, used 29067K [0x0000000081e00000, 0x0000000084400000, 0x00000000d5f80000)
  object space 38912K, 74% used [0x0000000081e00000,0x0000000083a62e98,0x0000000084400000)
 Metaspace       used 43433K, capacity 44072K, committed 44160K, reserved 1087488K
  class space    used 5335K, capacity 5480K, committed 5504K, reserved 1048576K
GC Heap History (10 events):
Event: 9.469 GC heap before
{Heap before GC invocations=38 (full 3):
 PSYoungGen      total 121856K, used 121744K [0x00000000d5f80000, 0x00000000de080000, 0x0000000100000000)
  eden space 117248K, 100% used [0x00000000d5f80000,0x00000000dd200000,0x00000000dd200000)
  from space 4608K, 97% used [0x00000000ddc00000,0x00000000de0643a8,0x00000000de080000)
  to   space 7168K, 0% used [0x00000000dd280000,0x00000000dd280000,0x00000000dd980000)
 ParOldGen       total 27648K, used 18873K [0x0000000081e00000, 0x0000000083900000, 0x00000000d5f80000)
  object space 27648K, 68% used [0x0000000081e00000,0x000000008306e4e8,0x0000000083900000)
 Metaspace       used 34935K, capacity 35380K, committed 35584K, reserved 1081344K
  class space    used 4400K, capacity 4520K, committed 4608K, reserved 1048576K
Event: 9.497 GC heap after
Heap after GC invocations=38 (full 3):
 PSYoungGen      total 124928K, used 7164K [0x00000000d5f80000, 0x00000000dec80000, 0x0000000100000000)
  eden space 117760K, 0% used [0x00000000d5f80000,0x00000000d5f80000,0x00000000dd280000)
  from space 7168K, 99% used [0x00000000dd280000,0x00000000dd97f3e8,0x00000000dd980000)
  to   space 8704K, 0% used [0x00000000de400000,0x00000000de400000,0x00000000dec80000)
 ParOldGen       total 27648K, used 19689K [0x0000000081e00000, 0x0000000083900000, 0x00000000d5f80000)
  object space 27648K, 71% used [0x0000000081e00000,0x000000008313a610,0x0000000083900000)
 Metaspace       used 34935K, capacity 35380K, committed 35584K, reserved 1081344K
  class space    used 4400K, capacity 4520K, committed 4608K, reserved 1048576K
}
Event: 54.662 GC heap before
{Heap before GC invocations=39 (full 3):
 PSYoungGen      total 124928K, used 124924K [0x00000000d5f80000, 0x00000000dec80000, 0x0000000100000000)
  eden space 117760K, 100% used [0x00000000d5f80000,0x00000000dd280000,0x00000000dd280000)
  from space 7168K, 99% used [0x00000000dd280000,0x00000000dd97f3e8,0x00000000dd980000)
  to   space 8704K, 0% used [0x00000000de400000,0x00000000de400000,0x00000000dec80000)
 ParOldGen       total 27648K, used 19689K [0x0000000081e00000, 0x0000000083900000, 0x00000000d5f80000)
  object space 27648K, 71% used [0x0000000081e00000,0x000000008313a610,0x0000000083900000)
 Metaspace       used 40774K, capacity 41272K, committed 41344K, reserved 1085440K
  class space    used 5120K, capacity 5232K, committed 5248K, reserved 1048576K
Event: 54.679 GC heap after
Heap after GC invocations=39 (full 3):
 PSYoungGen      total 132096K, used 8673K [0x00000000d5f80000, 0x00000000df200000, 0x0000000100000000)
  eden space 123392K, 0% used [0x00000000d5f80000,0x00000000d5f80000,0x00000000dd800000)
  from space 8704K, 99% used [0x00000000de400000,0x00000000dec78698,0x00000000dec80000)
  to   space 12288K, 0% used [0x00000000dd800000,0x00000000dd800000,0x00000000de400000)
 ParOldGen       total 27648K, used 24957K [0x0000000081e00000, 0x0000000083900000, 0x00000000d5f80000)
  object space 27648K, 90% used [0x0000000081e00000,0x000000008365f7d8,0x0000000083900000)
 Metaspace       used 40774K, capacity 41272K, committed 41344K, reserved 1085440K
  class space    used 5120K, capacity 5232K, committed 5248K, reserved 1048576K
}
Event: 54.679 GC heap before
{Heap before GC invocations=40 (full 4):
 PSYoungGen      total 132096K, used 8673K [0x00000000d5f80000, 0x00000000df200000, 0x0000000100000000)
  eden space 123392K, 0% used [0x00000000d5f80000,0x00000000d5f80000,0x00000000dd800000)
  from space 8704K, 99% used [0x00000000de400000,0x00000000dec78698,0x00000000dec80000)
  to   space 12288K, 0% used [0x00000000dd800000,0x00000000dd800000,0x00000000de400000)
 ParOldGen       total 27648K, used 24957K [0x0000000081e00000, 0x0000000083900000, 0x00000000d5f80000)
  object space 27648K, 90% used [0x0000000081e00000,0x000000008365f7d8,0x0000000083900000)
 Metaspace       used 40774K, capacity 41272K, committed 41344K, reserved 1085440K
  class space    used 5120K, capacity 5232K, committed 5248K, reserved 1048576K
Event: 54.860 GC heap after
Heap after GC invocations=40 (full 4):
 PSYoungGen      total 132096K, used 2826K [0x00000000d5f80000, 0x00000000df200000, 0x0000000100000000)
  eden space 123392K, 0% used [0x00000000d5f80000,0x00000000d5f80000,0x00000000dd800000)
  from space 8704K, 32% used [0x00000000de400000,0x00000000de6c2ac0,0x00000000dec80000)
  to   space 12288K, 0% used [0x00000000dd800000,0x00000000dd800000,0x00000000de400000)
 ParOldGen       total 38912K, used 27247K [0x0000000081e00000, 0x0000000084400000, 0x00000000d5f80000)
  object space 38912K, 70% used [0x0000000081e00000,0x000000008389bfd8,0x0000000084400000)
 Metaspace       used 40767K, capacity 41260K, committed 41344K, reserved 1085440K
  class space    used 5119K, capacity 5230K, committed 5248K, reserved 1048576K
}
Event: 1371.441 GC heap before
{Heap before GC invocations=41 (full 4):
 PSYoungGen      total 132096K, used 126218K [0x00000000d5f80000, 0x00000000df200000, 0x0000000100000000)
  eden space 123392K, 100% used [0x00000000d5f80000,0x00000000dd800000,0x00000000dd800000)
  from space 8704K, 32% used [0x00000000de400000,0x00000000de6c2ac0,0x00000000dec80000)
  to   space 12288K, 0% used [0x00000000dd800000,0x00000000dd800000,0x00000000de400000)
 ParOldGen       total 38912K, used 27247K [0x0000000081e00000, 0x0000000084400000, 0x00000000d5f80000)
  object space 38912K, 70% used [0x0000000081e00000,0x000000008389bfd8,0x0000000084400000)
 Metaspace       used 42813K, capacity 43478K, committed 43648K, reserved 1087488K
  class space    used 5328K, capacity 5477K, committed 5504K, reserved 1048576K
Event: 1371.456 GC heap after
Heap after GC invocations=41 (full 4):
 PSYoungGen      total 135680K, used 3355K [0x00000000d5f80000, 0x00000000df700000, 0x0000000100000000)
  eden space 123392K, 0% used [0x00000000d5f80000,0x00000000d5f80000,0x00000000dd800000)
  from space 12288K, 27% used [0x00000000dd800000,0x00000000ddb46f18,0x00000000de400000)
  to   space 11776K, 0% used [0x00000000deb80000,0x00000000deb80000,0x00000000df700000)
 ParOldGen       total 38912K, used 29059K [0x0000000081e00000, 0x0000000084400000, 0x00000000d5f80000)
  object space 38912K, 74% used [0x0000000081e00000,0x0000000083a60e98,0x0000000084400000)
 Metaspace       used 42813K, capacity 43478K, committed 43648K, reserved 1087488K
  class space    used 5328K, capacity 5477K, committed 5504K, reserved 1048576K
}
Event: 3907.956 GC heap before
{Heap before GC invocations=42 (full 4):
 PSYoungGen      total 135680K, used 126747K [0x00000000d5f80000, 0x00000000df700000, 0x0000000100000000)
  eden space 123392K, 100% used [0x00000000d5f80000,0x00000000dd800000,0x00000000dd800000)
  from space 12288K, 27% used [0x00000000dd800000,0x00000000ddb46f18,0x00000000de400000)
  to   space 11776K, 0% used [0x00000000deb80000,0x00000000deb80000,0x00000000df700000)
 ParOldGen       total 38912K, used 29059K [0x0000000081e00000, 0x0000000084400000, 0x00000000d5f80000)
  object space 38912K, 74% used [0x0000000081e00000,0x0000000083a60e98,0x0000000084400000)
 Metaspace       used 43363K, capacity 44008K, committed 44160K, reserved 1087488K
  class space    used 5335K, capacity 5480K, committed 5504K, reserved 1048576K
Event: 3908.041 GC heap after
Heap after GC invocations=42 (full 4):
 PSYoungGen      total 139264K, used 2456K [0x00000000d5f80000, 0x00000000df480000, 0x0000000100000000)
  eden space 130048K, 0% used [0x00000000d5f80000,0x00000000d5f80000,0x00000000dde80000)
  from space 9216K, 26% used [0x00000000deb80000,0x00000000dede6060,0x00000000df480000)
  to   space 11264K, 0% used [0x00000000dde80000,0x00000000dde80000,0x00000000de980000)
 ParOldGen       total 38912K, used 29067K [0x0000000081e00000, 0x0000000084400000, 0x00000000d5f80000)
  object space 38912K, 74% used [0x0000000081e00000,0x0000000083a62e98,0x0000000084400000)
 Metaspace       used 43363K, capacity 44008K, committed 44160K, reserved 1087488K
  class space    used 5335K, capacity 5480K, committed 5504K, reserved 1048576K
}

