# JRE version: Java(TM) SE Runtime Environment (8.0_05-b13) (build 1.8.0_05-b13)
# Java VM: Java HotSpot(TM) 64-Bit Server VM (25.5-b02 mixed mode windows-amd64 compressed oops)
Heap:
 PSYoungGen      total 198144K, used 123337K [0x00000000d5f80000, 0x00000000e2e80000, 0x0000000100000000)
  eden space 189440K, 64% used [0x00000000d5f80000,0x00000000dd614440,0x00000000e1880000)
  from space 8704K, 21% used [0x00000000e2600000,0x00000000e27de050,0x00000000e2e80000)
  to   space 11264K, 0% used [0x00000000e1880000,0x00000000e1880000,0x00000000e2380000)
 ParOldGen       total 38912K, used 30140K [0x0000000081e00000, 0x0000000084400000, 0x00000000d5f80000)
  object space 38912K, 77% used [0x0000000081e00000,0x0000000083b6f378,0x0000000084400000)
 Metaspace       used 43327K, capacity 43896K, committed 44160K, reserved 1087488K
  class space    used 5327K, capacity 5472K, committed 5504K, reserved 1048576K
GC Heap History (10 events):
Event: 8.639 GC heap before
{Heap before GC invocations=28 (full 3):
 PSYoungGen      total 168960K, used 162816K [0x00000000d5f80000, 0x00000000e1600000, 0x0000000100000000)
  eden space 162816K, 100% used [0x00000000d5f80000,0x00000000dfe80000,0x00000000dfe80000)
  from space 6144K, 0% used [0x00000000e1000000,0x00000000e1000000,0x00000000e1600000)
  to   space 8192K, 0% used [0x00000000e0600000,0x00000000e0600000,0x00000000e0e00000)
 ParOldGen       total 29184K, used 20747K [0x0000000081e00000, 0x0000000083a80000, 0x00000000d5f80000)
  object space 29184K, 71% used [0x0000000081e00000,0x0000000083242e30,0x0000000083a80000)
 Metaspace       used 34955K, capacity 35374K, committed 35584K, reserved 1081344K
  class space    used 4405K, capacity 4519K, committed 4608K, reserved 1048576K
Event: 8.661 GC heap after
Heap after GC invocations=28 (full 3):
 PSYoungGen      total 178688K, used 6612K [0x00000000d5f80000, 0x00000000e2100000, 0x0000000100000000)
  eden space 170496K, 0% used [0x00000000d5f80000,0x00000000d5f80000,0x00000000e0600000)
  from space 8192K, 80% used [0x00000000e0600000,0x00000000e0c75158,0x00000000e0e00000)
  to   space 9216K, 0% used [0x00000000e1800000,0x00000000e1800000,0x00000000e2100000)
 ParOldGen       total 29184K, used 20755K [0x0000000081e00000, 0x0000000083a80000, 0x00000000d5f80000)
  object space 29184K, 71% used [0x0000000081e00000,0x0000000083244e30,0x0000000083a80000)
 Metaspace       used 34955K, capacity 35374K, committed 35584K, reserved 1081344K
  class space    used 4405K, capacity 4519K, committed 4608K, reserved 1048576K
}
Event: 1204.025 GC heap before
{Heap before GC invocations=29 (full 3):
 PSYoungGen      total 178688K, used 177108K [0x00000000d5f80000, 0x00000000e2100000, 0x0000000100000000)
  eden space 170496K, 100% used [0x00000000d5f80000,0x00000000e0600000,0x00000000e0600000)
  from space 8192K, 80% used [0x00000000e0600000,0x00000000e0c75158,0x00000000e0e00000)
  to   space 9216K, 0% used [0x00000000e1800000,0x00000000e1800000,0x00000000e2100000)
 ParOldGen       total 29184K, used 20755K [0x0000000081e00000, 0x0000000083a80000, 0x00000000d5f80000)
  object space 29184K, 71% used [0x0000000081e00000,0x0000000083244e30,0x0000000083a80000)
 Metaspace       used 41063K, capacity 41644K, committed 41984K, reserved 1085440K
  class space    used 5135K, capacity 5278K, committed 5376K, reserved 1048576K
Event: 1204.043 GC heap after
Heap after GC invocations=29 (full 3):
 PSYoungGen      total 186368K, used 9197K [0x00000000d5f80000, 0x00000000e2b00000, 0x0000000100000000)
  eden space 177152K, 0% used [0x00000000d5f80000,0x00000000d5f80000,0x00000000e0c80000)
  from space 9216K, 99% used [0x00000000e1800000,0x00000000e20fb418,0x00000000e2100000)
  to   space 11776K, 0% used [0x00000000e0c80000,0x00000000e0c80000,0x00000000e1800000)
 ParOldGen       total 29184K, used 23857K [0x0000000081e00000, 0x0000000083a80000, 0x00000000d5f80000)
  object space 29184K, 81% used [0x0000000081e00000,0x000000008354c670,0x0000000083a80000)
 Metaspace       used 41063K, capacity 41644K, committed 41984K, reserved 1085440K
  class space    used 5135K, capacity 5278K, committed 5376K, reserved 1048576K
}
Event: 1204.044 GC heap before
{Heap before GC invocations=30 (full 4):
 PSYoungGen      total 186368K, used 9197K [0x00000000d5f80000, 0x00000000e2b00000, 0x0000000100000000)
  eden space 177152K, 0% used [0x00000000d5f80000,0x00000000d5f80000,0x00000000e0c80000)
  from space 9216K, 99% used [0x00000000e1800000,0x00000000e20fb418,0x00000000e2100000)
  to   space 11776K, 0% used [0x00000000e0c80000,0x00000000e0c80000,0x00000000e1800000)
 ParOldGen       total 29184K, used 23857K [0x0000000081e00000, 0x0000000083a80000, 0x00000000d5f80000)
  object space 29184K, 81% used [0x0000000081e00000,0x000000008354c670,0x0000000083a80000)
 Metaspace       used 41063K, capacity 41644K, committed 41984K, reserved 1085440K
  class space    used 5135K, capacity 5278K, committed 5376K, reserved 1048576K
Event: 1204.229 GC heap after
Heap after GC invocations=30 (full 4):
 PSYoungGen      total 186368K, used 1454K [0x00000000d5f80000, 0x00000000e2b00000, 0x0000000100000000)
  eden space 177152K, 0% used [0x00000000d5f80000,0x00000000d5f80000,0x00000000e0c80000)
  from space 9216K, 15% used [0x00000000e1800000,0x00000000e196b9c8,0x00000000e2100000)
  to   space 11776K, 0% used [0x00000000e0c80000,0x00000000e0c80000,0x00000000e1800000)
 ParOldGen       total 38912K, used 28973K [0x0000000081e00000, 0x0000000084400000, 0x00000000d5f80000)
  object space 38912K, 74% used [0x0000000081e00000,0x0000000083a4b4c8,0x0000000084400000)
 Metaspace       used 41059K, capacity 41638K, committed 41984K, reserved 1085440K
  class space    used 5135K, capacity 5277K, committed 5376K, reserved 1048576K
}
Event: 4418.906 GC heap before
{Heap before GC invocations=31 (full 4):
 PSYoungGen      total 186368K, used 178606K [0x00000000d5f80000, 0x00000000e2b00000, 0x0000000100000000)
  eden space 177152K, 100% used [0x00000000d5f80000,0x00000000e0c80000,0x00000000e0c80000)
  from space 9216K, 15% used [0x00000000e1800000,0x00000000e196b9c8,0x00000000e2100000)
  to   space 11776K, 0% used [0x00000000e0c80000,0x00000000e0c80000,0x00000000e1800000)
 ParOldGen       total 38912K, used 28973K [0x0000000081e00000, 0x0000000084400000, 0x00000000d5f80000)
  object space 38912K, 74% used [0x0000000081e00000,0x0000000083a4b4c8,0x0000000084400000)
 Metaspace       used 42886K, capacity 43512K, committed 43648K, reserved 1087488K
  class space    used 5326K, capacity 5472K, committed 5504K, reserved 1048576K
Event: 4418.914 GC heap after
Heap after GC invocations=31 (full 4):
 PSYoungGen      total 188928K, used 3053K [0x00000000d5f80000, 0x00000000e3100000, 0x0000000100000000)
  eden space 177152K, 0% used [0x00000000d5f80000,0x00000000d5f80000,0x00000000e0c80000)
  from space 11776K, 25% used [0x00000000e0c80000,0x00000000e0f7b650,0x00000000e1800000)
  to   space 11264K, 0% used [0x00000000e2600000,0x00000000e2600000,0x00000000e3100000)
 ParOldGen       total 38912K, used 30132K [0x0000000081e00000, 0x0000000084400000, 0x00000000d5f80000)
  object space 38912K, 77% used [0x0000000081e00000,0x0000000083b6d378,0x0000000084400000)
 Metaspace       used 42886K, capacity 43512K, committed 43648K, reserved 1087488K
  class space    used 5326K, capacity 5472K, committed 5504K, reserved 1048576K
}
Event: 8783.849 GC heap before
{Heap before GC invocations=32 (full 4):
 PSYoungGen      total 188928K, used 180205K [0x00000000d5f80000, 0x00000000e3100000, 0x0000000100000000)
  eden space 177152K, 100% used [0x00000000d5f80000,0x00000000e0c80000,0x00000000e0c80000)
  from space 11776K, 25% used [0x00000000e0c80000,0x00000000e0f7b650,0x00000000e1800000)
  to   space 11264K, 0% used [0x00000000e2600000,0x00000000e2600000,0x00000000e3100000)
 ParOldGen       total 38912K, used 30132K [0x0000000081e00000, 0x0000000084400000, 0x00000000d5f80000)
  object space 38912K, 77% used [0x0000000081e00000,0x0000000083b6d378,0x0000000084400000)
 Metaspace       used 43261K, capacity 43832K, committed 43904K, reserved 1087488K
  class space    used 5327K, capacity 5472K, committed 5504K, reserved 1048576K
Event: 8783.922 GC heap after
Heap after GC invocations=32 (full 4):
 PSYoungGen      total 198144K, used 1912K [0x00000000d5f80000, 0x00000000e2e80000, 0x0000000100000000)
  eden space 189440K, 0% used [0x00000000d5f80000,0x00000000d5f80000,0x00000000e1880000)
  from space 8704K, 21% used [0x00000000e2600000,0x00000000e27de050,0x00000000e2e80000)
  to   space 11264K, 0% used [0x00000000e1880000,0x00000000e1880000,0x00000000e2380000)
 ParOldGen       total 38912K, used 30140K [0x0000000081e00000, 0x0000000084400000, 0x00000000d5f80000)
  object space 38912K, 77% used [0x0000000081e00000,0x0000000083b6f378,0x0000000084400000)
 Metaspace       used 43261K, capacity 43832K, committed 43904K, reserved 1087488K
  class space    used 5327K, capacity 5472K, committed 5504K, reserved 1048576K
}

