# JRE version: Java(TM) SE Runtime Environment (8.0_05-b13) (build 1.8.0_05-b13)
# Java VM: Java HotSpot(TM) 64-Bit Server VM (25.5-b02 mixed mode windows-amd64 compressed oops)
Heap:
 PSYoungGen      total 151552K, used 113426K [0x00000000d5f80000, 0x00000000dff00000, 0x0000000100000000)
  eden space 143872K, 78% used [0x00000000d5f80000,0x00000000dcd588f8,0x00000000dec00000)
  from space 7680K, 12% used [0x00000000df780000,0x00000000df86c168,0x00000000dff00000)
  to   space 9728K, 0% used [0x00000000dec00000,0x00000000dec00000,0x00000000df580000)
 ParOldGen       total 39424K, used 27747K [0x0000000081e00000, 0x0000000084480000, 0x00000000d5f80000)
  object space 39424K, 70% used [0x0000000081e00000,0x0000000083918e98,0x0000000084480000)
 Metaspace       used 41824K, capacity 42412K, committed 42752K, reserved 1087488K
  class space    used 5135K, capacity 5278K, committed 5376K, reserved 1048576K
GC Heap History (10 events):
Event: 7.802 GC heap before
{Heap before GC invocations=30 (full 2):
 PSYoungGen      total 136704K, used 136684K [0x00000000d5f80000, 0x00000000def80000, 0x0000000100000000)
  eden space 130048K, 100% used [0x00000000d5f80000,0x00000000dde80000,0x00000000dde80000)
  from space 6656K, 99% used [0x00000000dde80000,0x00000000de4fb0a0,0x00000000de500000)
  to   space 7680K, 0% used [0x00000000de800000,0x00000000de800000,0x00000000def80000)
 ParOldGen       total 19968K, used 14387K [0x0000000081e00000, 0x0000000083180000, 0x00000000d5f80000)
  object space 19968K, 72% used [0x0000000081e00000,0x0000000082c0cd90,0x0000000083180000)
 Metaspace       used 33674K, capacity 34064K, committed 34304K, reserved 1079296K
  class space    used 4257K, capacity 4322K, committed 4352K, reserved 1048576K
Event: 7.858 GC heap after
Heap after GC invocations=30 (full 2):
 PSYoungGen      total 139264K, used 5394K [0x00000000d5f80000, 0x00000000dff00000, 0x0000000100000000)
  eden space 131584K, 0% used [0x00000000d5f80000,0x00000000d5f80000,0x00000000de000000)
  from space 7680K, 70% used [0x00000000de800000,0x00000000ded44b18,0x00000000def80000)
  to   space 8192K, 0% used [0x00000000de000000,0x00000000de000000,0x00000000de800000)
 ParOldGen       total 19968K, used 19012K [0x0000000081e00000, 0x0000000083180000, 0x00000000d5f80000)
  object space 19968K, 95% used [0x0000000081e00000,0x0000000083091260,0x0000000083180000)
 Metaspace       used 33674K, capacity 34064K, committed 34304K, reserved 1079296K
  class space    used 4257K, capacity 4322K, committed 4352K, reserved 1048576K
}
Event: 7.858 GC heap before
{Heap before GC invocations=31 (full 3):
 PSYoungGen      total 139264K, used 5394K [0x00000000d5f80000, 0x00000000dff00000, 0x0000000100000000)
  eden space 131584K, 0% used [0x00000000d5f80000,0x00000000d5f80000,0x00000000de000000)
  from space 7680K, 70% used [0x00000000de800000,0x00000000ded44b18,0x00000000def80000)
  to   space 8192K, 0% used [0x00000000de000000,0x00000000de000000,0x00000000de800000)
 ParOldGen       total 19968K, used 19012K [0x0000000081e00000, 0x0000000083180000, 0x00000000d5f80000)
  object space 19968K, 95% used [0x0000000081e00000,0x0000000083091260,0x0000000083180000)
 Metaspace       used 33674K, capacity 34064K, committed 34304K, reserved 1079296K
  class space    used 4257K, capacity 4322K, committed 4352K, reserved 1048576K
Event: 8.014 GC heap after
Heap after GC invocations=31 (full 3):
 PSYoungGen      total 139264K, used 3190K [0x00000000d5f80000, 0x00000000dff00000, 0x0000000100000000)
  eden space 131584K, 0% used [0x00000000d5f80000,0x00000000d5f80000,0x00000000de000000)
  from space 7680K, 41% used [0x00000000de800000,0x00000000deb1db90,0x00000000def80000)
  to   space 8192K, 0% used [0x00000000de000000,0x00000000de000000,0x00000000de800000)
 ParOldGen       total 28160K, used 19730K [0x0000000081e00000, 0x0000000083980000, 0x00000000d5f80000)
  object space 28160K, 70% used [0x0000000081e00000,0x0000000083144930,0x0000000083980000)
 Metaspace       used 33671K, capacity 34058K, committed 34304K, reserved 1079296K
  class space    used 4256K, capacity 4321K, committed 4352K, reserved 1048576K
}
Event: 9.308 GC heap before
{Heap before GC invocations=32 (full 3):
 PSYoungGen      total 139264K, used 134774K [0x00000000d5f80000, 0x00000000dff00000, 0x0000000100000000)
  eden space 131584K, 100% used [0x00000000d5f80000,0x00000000de000000,0x00000000de000000)
  from space 7680K, 41% used [0x00000000de800000,0x00000000deb1db90,0x00000000def80000)
  to   space 8192K, 0% used [0x00000000de000000,0x00000000de000000,0x00000000de800000)
 ParOldGen       total 28160K, used 19730K [0x0000000081e00000, 0x0000000083980000, 0x00000000d5f80000)
  object space 28160K, 70% used [0x0000000081e00000,0x0000000083144930,0x0000000083980000)
 Metaspace       used 38853K, capacity 39430K, committed 39680K, reserved 1083392K
  class space    used 4871K, capacity 5005K, committed 5120K, reserved 1048576K
Event: 9.320 GC heap after
Heap after GC invocations=32 (full 3):
 PSYoungGen      total 139776K, used 8179K [0x00000000d5f80000, 0x00000000e0100000, 0x0000000100000000)
  eden space 131584K, 0% used [0x00000000d5f80000,0x00000000d5f80000,0x00000000de000000)
  from space 8192K, 99% used [0x00000000de000000,0x00000000de7fccf8,0x00000000de800000)
  to   space 9728K, 0% used [0x00000000df780000,0x00000000df780000,0x00000000e0100000)
 ParOldGen       total 28160K, used 20827K [0x0000000081e00000, 0x0000000083980000, 0x00000000d5f80000)
  object space 28160K, 73% used [0x0000000081e00000,0x0000000083256f60,0x0000000083980000)
 Metaspace       used 38853K, capacity 39430K, committed 39680K, reserved 1083392K
  class space    used 4871K, capacity 5005K, committed 5120K, reserved 1048576K
}
Event: 1708.793 GC heap before
{Heap before GC invocations=33 (full 3):
 PSYoungGen      total 139776K, used 139763K [0x00000000d5f80000, 0x00000000e0100000, 0x0000000100000000)
  eden space 131584K, 100% used [0x00000000d5f80000,0x00000000de000000,0x00000000de000000)
  from space 8192K, 99% used [0x00000000de000000,0x00000000de7fccf8,0x00000000de800000)
  to   space 9728K, 0% used [0x00000000df780000,0x00000000df780000,0x00000000e0100000)
 ParOldGen       total 28160K, used 20827K [0x0000000081e00000, 0x0000000083980000, 0x00000000d5f80000)
  object space 28160K, 73% used [0x0000000081e00000,0x0000000083256f60,0x0000000083980000)
 Metaspace       used 41396K, capacity 41970K, committed 42240K, reserved 1085440K
  class space    used 5136K, capacity 5279K, committed 5376K, reserved 1048576K
Event: 1708.807 GC heap after
Heap after GC invocations=33 (full 3):
 PSYoungGen      total 151552K, used 3087K [0x00000000d5f80000, 0x00000000dff00000, 0x0000000100000000)
  eden space 143872K, 0% used [0x00000000d5f80000,0x00000000d5f80000,0x00000000dec00000)
  from space 7680K, 40% used [0x00000000df780000,0x00000000dfa83ce8,0x00000000dff00000)
  to   space 9728K, 0% used [0x00000000dec00000,0x00000000dec00000,0x00000000df580000)
 ParOldGen       total 28160K, used 27288K [0x0000000081e00000, 0x0000000083980000, 0x00000000d5f80000)
  object space 28160K, 96% used [0x0000000081e00000,0x00000000838a60a0,0x0000000083980000)
 Metaspace       used 41396K, capacity 41970K, committed 42240K, reserved 1085440K
  class space    used 5136K, capacity 5279K, committed 5376K, reserved 1048576K
}
Event: 1708.807 GC heap before
{Heap before GC invocations=34 (full 4):
 PSYoungGen      total 151552K, used 3087K [0x00000000d5f80000, 0x00000000dff00000, 0x0000000100000000)
  eden space 143872K, 0% used [0x00000000d5f80000,0x00000000d5f80000,0x00000000dec00000)
  from space 7680K, 40% used [0x00000000df780000,0x00000000dfa83ce8,0x00000000dff00000)
  to   space 9728K, 0% used [0x00000000dec00000,0x00000000dec00000,0x00000000df580000)
 ParOldGen       total 28160K, used 27288K [0x0000000081e00000, 0x0000000083980000, 0x00000000d5f80000)
  object space 28160K, 96% used [0x0000000081e00000,0x00000000838a60a0,0x0000000083980000)
 Metaspace       used 41396K, capacity 41970K, committed 42240K, reserved 1085440K
  class space    used 5136K, capacity 5279K, committed 5376K, reserved 1048576K
Event: 1709.026 GC heap after
Heap after GC invocations=34 (full 4):
 PSYoungGen      total 151552K, used 944K [0x00000000d5f80000, 0x00000000dff00000, 0x0000000100000000)
  eden space 143872K, 0% used [0x00000000d5f80000,0x00000000d5f80000,0x00000000dec00000)
  from space 7680K, 12% used [0x00000000df780000,0x00000000df86c168,0x00000000dff00000)
  to   space 9728K, 0% used [0x00000000dec00000,0x00000000dec00000,0x00000000df580000)
 ParOldGen       total 39424K, used 27747K [0x0000000081e00000, 0x0000000084480000, 0x00000000d5f80000)
  object space 39424K, 70% used [0x0000000081e00000,0x0000000083918e98,0x0000000084480000)
 Metaspace       used 41392K, capacity 41964K, committed 42240K, reserved 1085440K
  class space    used 5135K, capacity 5278K, committed 5376K, reserved 1048576K
}

