# JRE version: Java(TM) SE Runtime Environment (8.0_05-b13) (build 1.8.0_05-b13)
# Java VM: Java HotSpot(TM) 64-Bit Server VM (25.5-b02 mixed mode windows-amd64 compressed oops)
Heap:
 PSYoungGen      total 112640K, used 42752K [0x00000000d5f80000, 0x00000000dde80000, 0x0000000100000000)
  eden space 99328K, 39% used [0x00000000d5f80000,0x00000000d860c188,0x00000000dc080000)
  from space 13312K, 24% used [0x00000000dc080000,0x00000000dc3b4060,0x00000000dcd80000)
  to   space 12288K, 0% used [0x00000000dd280000,0x00000000dd280000,0x00000000dde80000)
 ParOldGen       total 36352K, used 27729K [0x0000000081e00000, 0x0000000084180000, 0x00000000d5f80000)
  object space 36352K, 76% used [0x0000000081e00000,0x00000000839147f8,0x0000000084180000)
 Metaspace       used 41710K, capacity 42380K, committed 42496K, reserved 1087488K
  class space    used 5138K, capacity 5310K, committed 5376K, reserved 1048576K
GC Heap History (10 events):
Event: 10.647 GC heap before
{Heap before GC invocations=41 (full 3):
 PSYoungGen      total 102912K, used 100111K [0x00000000d5f80000, 0x00000000dcc80000, 0x0000000100000000)
  eden space 96256K, 100% used [0x00000000d5f80000,0x00000000dbd80000,0x00000000dbd80000)
  from space 6656K, 57% used [0x00000000dbd80000,0x00000000dc143c48,0x00000000dc400000)
  to   space 6656K, 0% used [0x00000000dc600000,0x00000000dc600000,0x00000000dcc80000)
 ParOldGen       total 26112K, used 17574K [0x0000000081e00000, 0x0000000083780000, 0x00000000d5f80000)
  object space 26112K, 67% used [0x0000000081e00000,0x0000000082f29b18,0x0000000083780000)
 Metaspace       used 33409K, capacity 33802K, committed 34048K, reserved 1079296K
  class space    used 4223K, capacity 4321K, committed 4352K, reserved 1048576K
Event: 10.655 GC heap after
Heap after GC invocations=41 (full 3):
 PSYoungGen      total 103936K, used 6441K [0x00000000d5f80000, 0x00000000dd100000, 0x0000000100000000)
  eden space 97280K, 0% used [0x00000000d5f80000,0x00000000d5f80000,0x00000000dbe80000)
  from space 6656K, 96% used [0x00000000dc600000,0x00000000dcc4a480,0x00000000dcc80000)
  to   space 7680K, 0% used [0x00000000dbe80000,0x00000000dbe80000,0x00000000dc600000)
 ParOldGen       total 26112K, used 17582K [0x0000000081e00000, 0x0000000083780000, 0x00000000d5f80000)
  object space 26112K, 67% used [0x0000000081e00000,0x0000000082f2bb18,0x0000000083780000)
 Metaspace       used 33409K, capacity 33802K, committed 34048K, reserved 1079296K
  class space    used 4223K, capacity 4321K, committed 4352K, reserved 1048576K
}
Event: 11.513 GC heap before
{Heap before GC invocations=42 (full 3):
 PSYoungGen      total 103936K, used 103721K [0x00000000d5f80000, 0x00000000dd100000, 0x0000000100000000)
  eden space 97280K, 100% used [0x00000000d5f80000,0x00000000dbe80000,0x00000000dbe80000)
  from space 6656K, 96% used [0x00000000dc600000,0x00000000dcc4a480,0x00000000dcc80000)
  to   space 7680K, 0% used [0x00000000dbe80000,0x00000000dbe80000,0x00000000dc600000)
 ParOldGen       total 26112K, used 17582K [0x0000000081e00000, 0x0000000083780000, 0x00000000d5f80000)
  object space 26112K, 67% used [0x0000000081e00000,0x0000000082f2bb18,0x0000000083780000)
 Metaspace       used 36558K, capacity 37110K, committed 37248K, reserved 1081344K
  class space    used 4593K, capacity 4709K, committed 4736K, reserved 1048576K
Event: 11.537 GC heap after
Heap after GC invocations=42 (full 3):
 PSYoungGen      total 104960K, used 7680K [0x00000000d5f80000, 0x00000000dd700000, 0x0000000100000000)
  eden space 97280K, 0% used [0x00000000d5f80000,0x00000000d5f80000,0x00000000dbe80000)
  from space 7680K, 100% used [0x00000000dbe80000,0x00000000dc600000,0x00000000dc600000)
  to   space 9728K, 0% used [0x00000000dcd80000,0x00000000dcd80000,0x00000000dd700000)
 ParOldGen       total 26112K, used 19676K [0x0000000081e00000, 0x0000000083780000, 0x00000000d5f80000)
  object space 26112K, 75% used [0x0000000081e00000,0x00000000831371c8,0x0000000083780000)
 Metaspace       used 36558K, capacity 37110K, committed 37248K, reserved 1081344K
  class space    used 4593K, capacity 4709K, committed 4736K, reserved 1048576K
}
Event: 33.420 GC heap before
{Heap before GC invocations=43 (full 3):
 PSYoungGen      total 104960K, used 104960K [0x00000000d5f80000, 0x00000000dd700000, 0x0000000100000000)
  eden space 97280K, 100% used [0x00000000d5f80000,0x00000000dbe80000,0x00000000dbe80000)
  from space 7680K, 100% used [0x00000000dbe80000,0x00000000dc600000,0x00000000dc600000)
  to   space 9728K, 0% used [0x00000000dcd80000,0x00000000dcd80000,0x00000000dd700000)
 ParOldGen       total 26112K, used 19676K [0x0000000081e00000, 0x0000000083780000, 0x00000000d5f80000)
  object space 26112K, 75% used [0x0000000081e00000,0x00000000831371c8,0x0000000083780000)
 Metaspace       used 40746K, capacity 41272K, committed 41344K, reserved 1085440K
  class space    used 5124K, capacity 5232K, committed 5248K, reserved 1048576K
Event: 34.394 GC heap after
Heap after GC invocations=43 (full 3):
 PSYoungGen      total 109056K, used 9706K [0x00000000d5f80000, 0x00000000ddf80000, 0x0000000100000000)
  eden space 99328K, 0% used [0x00000000d5f80000,0x00000000d5f80000,0x00000000dc080000)
  from space 9728K, 99% used [0x00000000dcd80000,0x00000000dd6faa88,0x00000000dd700000)
  to   space 13312K, 0% used [0x00000000dc080000,0x00000000dc080000,0x00000000dcd80000)
 ParOldGen       total 26112K, used 23879K [0x0000000081e00000, 0x0000000083780000, 0x00000000d5f80000)
  object space 26112K, 91% used [0x0000000081e00000,0x0000000083551ca0,0x0000000083780000)
 Metaspace       used 40746K, capacity 41272K, committed 41344K, reserved 1085440K
  class space    used 5124K, capacity 5232K, committed 5248K, reserved 1048576K
}
Event: 34.394 GC heap before
{Heap before GC invocations=44 (full 4):
 PSYoungGen      total 109056K, used 9706K [0x00000000d5f80000, 0x00000000ddf80000, 0x0000000100000000)
  eden space 99328K, 0% used [0x00000000d5f80000,0x00000000d5f80000,0x00000000dc080000)
  from space 9728K, 99% used [0x00000000dcd80000,0x00000000dd6faa88,0x00000000dd700000)
  to   space 13312K, 0% used [0x00000000dc080000,0x00000000dc080000,0x00000000dcd80000)
 ParOldGen       total 26112K, used 23879K [0x0000000081e00000, 0x0000000083780000, 0x00000000d5f80000)
  object space 26112K, 91% used [0x0000000081e00000,0x0000000083551ca0,0x0000000083780000)
 Metaspace       used 40746K, capacity 41272K, committed 41344K, reserved 1085440K
  class space    used 5124K, capacity 5232K, committed 5248K, reserved 1048576K
Event: 34.691 GC heap after
Heap after GC invocations=44 (full 4):
 PSYoungGen      total 109056K, used 6515K [0x00000000d5f80000, 0x00000000ddf80000, 0x0000000100000000)
  eden space 99328K, 0% used [0x00000000d5f80000,0x00000000d5f80000,0x00000000dc080000)
  from space 9728K, 66% used [0x00000000dcd80000,0x00000000dd3dce18,0x00000000dd700000)
  to   space 13312K, 0% used [0x00000000dc080000,0x00000000dc080000,0x00000000dcd80000)
 ParOldGen       total 36352K, used 24673K [0x0000000081e00000, 0x0000000084180000, 0x00000000d5f80000)
  object space 36352K, 67% used [0x0000000081e00000,0x00000000836187f8,0x0000000084180000)
 Metaspace       used 40738K, capacity 41260K, committed 41344K, reserved 1085440K
  class space    used 5123K, capacity 5230K, committed 5248K, reserved 1048576K
}
Event: 1836.897 GC heap before
{Heap before GC invocations=45 (full 4):
 PSYoungGen      total 109056K, used 105843K [0x00000000d5f80000, 0x00000000ddf80000, 0x0000000100000000)
  eden space 99328K, 100% used [0x00000000d5f80000,0x00000000dc080000,0x00000000dc080000)
  from space 9728K, 66% used [0x00000000dcd80000,0x00000000dd3dce18,0x00000000dd700000)
  to   space 13312K, 0% used [0x00000000dc080000,0x00000000dc080000,0x00000000dcd80000)
 ParOldGen       total 36352K, used 24673K [0x0000000081e00000, 0x0000000084180000, 0x00000000d5f80000)
  object space 36352K, 67% used [0x0000000081e00000,0x00000000836187f8,0x0000000084180000)
 Metaspace       used 41432K, capacity 42060K, committed 42240K, reserved 1085440K
  class space    used 5138K, capacity 5310K, committed 5376K, reserved 1048576K
Event: 1836.914 GC heap after
Heap after GC invocations=45 (full 4):
 PSYoungGen      total 112640K, used 3280K [0x00000000d5f80000, 0x00000000dde80000, 0x0000000100000000)
  eden space 99328K, 0% used [0x00000000d5f80000,0x00000000d5f80000,0x00000000dc080000)
  from space 13312K, 24% used [0x00000000dc080000,0x00000000dc3b4060,0x00000000dcd80000)
  to   space 12288K, 0% used [0x00000000dd280000,0x00000000dd280000,0x00000000dde80000)
 ParOldGen       total 36352K, used 27729K [0x0000000081e00000, 0x0000000084180000, 0x00000000d5f80000)
  object space 36352K, 76% used [0x0000000081e00000,0x00000000839147f8,0x0000000084180000)
 Metaspace       used 41432K, capacity 42060K, committed 42240K, reserved 1085440K
  class space    used 5138K, capacity 5310K, committed 5376K, reserved 1048576K
}

