# JRE version: Java(TM) SE Runtime Environment (8.0_05-b13) (build 1.8.0_05-b13)
# Java VM: Java HotSpot(TM) 64-Bit Server VM (25.5-b02 mixed mode windows-amd64 compressed oops)
Heap:
 PSYoungGen      total 81920K, used 59651K [0x00000000d5f80000, 0x00000000db400000, 0x0000000100000000)
  eden space 78336K, 75% used [0x00000000d5f80000,0x00000000d9980d00,0x00000000dac00000)
  from space 3584K, 7% used [0x00000000db080000,0x00000000db0c0000,0x00000000db400000)
  to   space 4096K, 0% used [0x00000000dac00000,0x00000000dac00000,0x00000000db000000)
 ParOldGen       total 31744K, used 21407K [0x0000000081e00000, 0x0000000083d00000, 0x00000000d5f80000)
  object space 31744K, 67% used [0x0000000081e00000,0x00000000832e7ca8,0x0000000083d00000)
 Metaspace       used 40043K, capacity 40464K, committed 41216K, reserved 1085440K
  class space    used 4864K, capacity 4980K, committed 5120K, reserved 1048576K
GC Heap History (10 events):
Event: 64915.463 GC heap before
{Heap before GC invocations=70 (full 4):
 PSYoungGen      total 82944K, used 77024K [0x00000000d5f80000, 0x00000000db600000, 0x0000000100000000)
  eden space 76800K, 100% used [0x00000000d5f80000,0x00000000daa80000,0x00000000daa80000)
  from space 6144K, 3% used [0x00000000daa80000,0x00000000daab8000,0x00000000db080000)
  to   space 5632K, 0% used [0x00000000db080000,0x00000000db080000,0x00000000db600000)
 ParOldGen       total 31744K, used 21343K [0x0000000081e00000, 0x0000000083d00000, 0x00000000d5f80000)
  object space 31744K, 67% used [0x0000000081e00000,0x00000000832d7ca8,0x0000000083d00000)
 Metaspace       used 39858K, capacity 40264K, committed 40960K, reserved 1085440K
  class space    used 4857K, capacity 4968K, committed 5120K, reserved 1048576K
Event: 64915.466 GC heap after
Heap after GC invocations=70 (full 4):
 PSYoungGen      total 82944K, used 224K [0x00000000d5f80000, 0x00000000db600000, 0x0000000100000000)
  eden space 77312K, 0% used [0x00000000d5f80000,0x00000000d5f80000,0x00000000dab00000)
  from space 5632K, 3% used [0x00000000db080000,0x00000000db0b8000,0x00000000db600000)
  to   space 5632K, 0% used [0x00000000dab00000,0x00000000dab00000,0x00000000db080000)
 ParOldGen       total 31744K, used 21343K [0x0000000081e00000, 0x0000000083d00000, 0x00000000d5f80000)
  object space 31744K, 67% used [0x0000000081e00000,0x00000000832d7ca8,0x0000000083d00000)
 Metaspace       used 39858K, capacity 40264K, committed 40960K, reserved 1085440K
  class space    used 4857K, capacity 4968K, committed 5120K, reserved 1048576K
}
Event: 66583.602 GC heap before
{Heap before GC invocations=71 (full 4):
 PSYoungGen      total 82944K, used 77536K [0x00000000d5f80000, 0x00000000db600000, 0x0000000100000000)
  eden space 77312K, 100% used [0x00000000d5f80000,0x00000000dab00000,0x00000000dab00000)
  from space 5632K, 3% used [0x00000000db080000,0x00000000db0b8000,0x00000000db600000)
  to   space 5632K, 0% used [0x00000000dab00000,0x00000000dab00000,0x00000000db080000)
 ParOldGen       total 31744K, used 21343K [0x0000000081e00000, 0x0000000083d00000, 0x00000000d5f80000)
  object space 31744K, 67% used [0x0000000081e00000,0x00000000832d7ca8,0x0000000083d00000)
 Metaspace       used 39888K, capacity 40294K, committed 40960K, reserved 1085440K
  class space    used 4860K, capacity 4973K, committed 5120K, reserved 1048576K
Event: 66583.605 GC heap after
Heap after GC invocations=71 (full 4):
 PSYoungGen      total 82944K, used 320K [0x00000000d5f80000, 0x00000000db580000, 0x0000000100000000)
  eden space 77312K, 0% used [0x00000000d5f80000,0x00000000d5f80000,0x00000000dab00000)
  from space 5632K, 5% used [0x00000000dab00000,0x00000000dab50000,0x00000000db080000)
  to   space 5120K, 0% used [0x00000000db080000,0x00000000db080000,0x00000000db580000)
 ParOldGen       total 31744K, used 21359K [0x0000000081e00000, 0x0000000083d00000, 0x00000000d5f80000)
  object space 31744K, 67% used [0x0000000081e00000,0x00000000832dbca8,0x0000000083d00000)
 Metaspace       used 39888K, capacity 40294K, committed 40960K, reserved 1085440K
  class space    used 4860K, capacity 4973K, committed 5120K, reserved 1048576K
}
Event: 68967.987 GC heap before
{Heap before GC invocations=72 (full 4):
 PSYoungGen      total 82944K, used 77632K [0x00000000d5f80000, 0x00000000db580000, 0x0000000100000000)
  eden space 77312K, 100% used [0x00000000d5f80000,0x00000000dab00000,0x00000000dab00000)
  from space 5632K, 5% used [0x00000000dab00000,0x00000000dab50000,0x00000000db080000)
  to   space 5120K, 0% used [0x00000000db080000,0x00000000db080000,0x00000000db580000)
 ParOldGen       total 31744K, used 21359K [0x0000000081e00000, 0x0000000083d00000, 0x00000000d5f80000)
  object space 31744K, 67% used [0x0000000081e00000,0x00000000832dbca8,0x0000000083d00000)
 Metaspace       used 39999K, capacity 40428K, committed 41216K, reserved 1085440K
  class space    used 4861K, capacity 4974K, committed 5120K, reserved 1048576K
Event: 68968.011 GC heap after
Heap after GC invocations=72 (full 4):
 PSYoungGen      total 81920K, used 224K [0x00000000d5f80000, 0x00000000db480000, 0x0000000100000000)
  eden space 77824K, 0% used [0x00000000d5f80000,0x00000000d5f80000,0x00000000dab80000)
  from space 4096K, 5% used [0x00000000db080000,0x00000000db0b8000,0x00000000db480000)
  to   space 4608K, 0% used [0x00000000dab80000,0x00000000dab80000,0x00000000db000000)
 ParOldGen       total 31744K, used 21375K [0x0000000081e00000, 0x0000000083d00000, 0x00000000d5f80000)
  object space 31744K, 67% used [0x0000000081e00000,0x00000000832dfca8,0x0000000083d00000)
 Metaspace       used 39999K, capacity 40428K, committed 41216K, reserved 1085440K
  class space    used 4861K, capacity 4974K, committed 5120K, reserved 1048576K
}
Event: 70590.500 GC heap before
{Heap before GC invocations=73 (full 4):
 PSYoungGen      total 81920K, used 78048K [0x00000000d5f80000, 0x00000000db480000, 0x0000000100000000)
  eden space 77824K, 100% used [0x00000000d5f80000,0x00000000dab80000,0x00000000dab80000)
  from space 4096K, 5% used [0x00000000db080000,0x00000000db0b8000,0x00000000db480000)
  to   space 4608K, 0% used [0x00000000dab80000,0x00000000dab80000,0x00000000db000000)
 ParOldGen       total 31744K, used 21375K [0x0000000081e00000, 0x0000000083d00000, 0x00000000d5f80000)
  object space 31744K, 67% used [0x0000000081e00000,0x00000000832dfca8,0x0000000083d00000)
 Metaspace       used 39999K, capacity 40428K, committed 41216K, reserved 1085440K
  class space    used 4861K, capacity 4974K, committed 5120K, reserved 1048576K
Event: 70590.503 GC heap after
Heap after GC invocations=73 (full 4):
 PSYoungGen      total 82432K, used 256K [0x00000000d5f80000, 0x00000000db500000, 0x0000000100000000)
  eden space 77824K, 0% used [0x00000000d5f80000,0x00000000d5f80000,0x00000000dab80000)
  from space 4608K, 5% used [0x00000000dab80000,0x00000000dabc0000,0x00000000db000000)
  to   space 4608K, 0% used [0x00000000db080000,0x00000000db080000,0x00000000db500000)
 ParOldGen       total 31744K, used 21391K [0x0000000081e00000, 0x0000000083d00000, 0x00000000d5f80000)
  object space 31744K, 67% used [0x0000000081e00000,0x00000000832e3ca8,0x0000000083d00000)
 Metaspace       used 39999K, capacity 40428K, committed 41216K, reserved 1085440K
  class space    used 4861K, capacity 4974K, committed 5120K, reserved 1048576K
}
Event: 72749.881 GC heap before
{Heap before GC invocations=74 (full 4):
 PSYoungGen      total 82432K, used 78080K [0x00000000d5f80000, 0x00000000db500000, 0x0000000100000000)
  eden space 77824K, 100% used [0x00000000d5f80000,0x00000000dab80000,0x00000000dab80000)
  from space 4608K, 5% used [0x00000000dab80000,0x00000000dabc0000,0x00000000db000000)
  to   space 4608K, 0% used [0x00000000db080000,0x00000000db080000,0x00000000db500000)
 ParOldGen       total 31744K, used 21391K [0x0000000081e00000, 0x0000000083d00000, 0x00000000d5f80000)
  object space 31744K, 67% used [0x0000000081e00000,0x00000000832e3ca8,0x0000000083d00000)
 Metaspace       used 40032K, capacity 40464K, committed 41216K, reserved 1085440K
  class space    used 4864K, capacity 4980K, committed 5120K, reserved 1048576K
Event: 72749.992 GC heap after
Heap after GC invocations=74 (full 4):
 PSYoungGen      total 81920K, used 256K [0x00000000d5f80000, 0x00000000db400000, 0x0000000100000000)
  eden space 78336K, 0% used [0x00000000d5f80000,0x00000000d5f80000,0x00000000dac00000)
  from space 3584K, 7% used [0x00000000db080000,0x00000000db0c0000,0x00000000db400000)
  to   space 4096K, 0% used [0x00000000dac00000,0x00000000dac00000,0x00000000db000000)
 ParOldGen       total 31744K, used 21407K [0x0000000081e00000, 0x0000000083d00000, 0x00000000d5f80000)
  object space 31744K, 67% used [0x0000000081e00000,0x00000000832e7ca8,0x0000000083d00000)
 Metaspace       used 40032K, capacity 40464K, committed 41216K, reserved 1085440K
  class space    used 4864K, capacity 4980K, committed 5120K, reserved 1048576K
}

